<?xml version="1.0" encoding="UTF-8"?>
<testsuite xmlns:xsi="http://www.w3.org/2001/XMLSchema-instance" xsi:noNamespaceSchemaLocation="https://maven.apache.org/surefire/maven-surefire-plugin/xsd/surefire-test-report-3.0.xsd" version="3.0" name="org.meli.crud.CrudApplicationTests" time="1.879" tests="1" errors="0" skipped="0" failures="0">
  <properties>
[...]
</properties>
  <testcase name="contextLoads" classname="org.meli.crud.CrudApplicationTests" time="0.281">
    <system-out><![CDATA[12:01:43.247 [main] INFO org.springframework.test.context.support.AnnotationConfigContextLoaderUtils -- Could not detect default configuration classes for test class [org.meli.crud.CrudApplicationTests]: CrudApplicationTests does not declare any static, non-private, non-final, nested classes annotated with @Configuration.
12:01:43.277 [main] INFO org.springframework.boot.test.context.SpringBootTestContextBootstrapper -- Found @SpringBootConfiguration org.meli.crud.CrudApplication for test class org.meli.crud.CrudApplicationTests

  .   ____          _            __ _ _
 /\\ / ___'_ __ _ _(_)_ __  __ _ \ \ \ \
( ( )\___ | '_ | '_| | '_ \/ _` | \ \ \ \
 \\/  ___)| |_)| | | | | || (_| |  ) ) ) )
  '  |____| .__|_| |_|_| |_\__, | / / / /
 =========|_|==============|___/=/_/_/_/
 :: Spring Boot ::                (v3.1.0)

2025-01-20T12:01:43.398-03:00  INFO 23733 --- [           main] org.meli.crud.CrudApplicationTests       : Starting CrudApplicationTests using Java 17.0.13 with PID 23733 (started by amdnasciment in /Users/amdnasciment/Documents/GitHub/API-futebol)
2025-01-20T12:01:43.398-03:00  INFO 23733 --- [           main] org.meli.crud.CrudApplicationTests       : No active profile set, falling back to 1 default profile: "default"
2025-01-20T12:01:43.604-03:00  INFO 23733 --- [           main] .s.d.r.c.RepositoryConfigurationDelegate : Multiple Spring Data modules found, entering strict repository configuration mode
2025-01-20T12:01:43.605-03:00  INFO 23733 --- [           main] .s.d.r.c.RepositoryConfigurationDelegate : Bootstrapping Spring Data JDBC repositories in DEFAULT mode.
2025-01-20T12:01:43.616-03:00  INFO 23733 --- [           main] .RepositoryConfigurationExtensionSupport : Spring Data JDBC - Could not safely identify store assignment for repository candidate interface org.meli.crud.repository.ClubeRepository; If you want this repository to be a JDBC repository, consider annotating your entities with one of these annotations: org.springframework.data.relational.core.mapping.Table.
2025-01-20T12:01:43.617-03:00  INFO 23733 --- [           main] .RepositoryConfigurationExtensionSupport : Spring Data JDBC - Could not safely identify store assignment for repository candidate interface org.meli.crud.repository.EstadioRepository; If you want this repository to be a JDBC repository, consider annotating your entities with one of these annotations: org.springframework.data.relational.core.mapping.Table.
2025-01-20T12:01:43.617-03:00  INFO 23733 --- [           main] .RepositoryConfigurationExtensionSupport : Spring Data JDBC - Could not safely identify store assignment for repository candidate interface org.meli.crud.repository.PartidaRepository; If you want this repository to be a JDBC repository, consider annotating your entities with one of these annotations: org.springframework.data.relational.core.mapping.Table.
2025-01-20T12:01:43.617-03:00  INFO 23733 --- [           main] .s.d.r.c.RepositoryConfigurationDelegate : Finished Spring Data repository scanning in 11 ms. Found 0 JDBC repository interfaces.
2025-01-20T12:01:43.622-03:00  INFO 23733 --- [           main] .s.d.r.c.RepositoryConfigurationDelegate : Multiple Spring Data modules found, entering strict repository configuration mode
2025-01-20T12:01:43.622-03:00  INFO 23733 --- [           main] .s.d.r.c.RepositoryConfigurationDelegate : Bootstrapping Spring Data JPA repositories in DEFAULT mode.
2025-01-20T12:01:43.633-03:00  INFO 23733 --- [           main] .s.d.r.c.RepositoryConfigurationDelegate : Finished Spring Data repository scanning in 9 ms. Found 3 JPA repository interfaces.
2025-01-20T12:01:43.789-03:00  INFO 23733 --- [           main] o.f.c.internal.license.VersionPrinter    : Flyway Community Edition 9.16.3 by Redgate
2025-01-20T12:01:43.789-03:00  INFO 23733 --- [           main] o.f.c.internal.license.VersionPrinter    : See release notes here: https://rd.gt/416ObMi
2025-01-20T12:01:43.789-03:00  INFO 23733 --- [           main] o.f.c.internal.license.VersionPrinter    : 
2025-01-20T12:01:43.792-03:00  INFO 23733 --- [           main] com.zaxxer.hikari.HikariDataSource       : HikariPool-1 - Starting...
2025-01-20T12:01:43.916-03:00  INFO 23733 --- [           main] com.zaxxer.hikari.pool.HikariPool        : HikariPool-1 - Added connection com.mysql.cj.jdbc.ConnectionImpl@377949f1
2025-01-20T12:01:43.917-03:00  INFO 23733 --- [           main] com.zaxxer.hikari.HikariDataSource       : HikariPool-1 - Start completed.
2025-01-20T12:01:43.937-03:00  INFO 23733 --- [           main] o.f.c.i.database.base.BaseDatabaseType   : Database: jdbc:mysql://localhost:3306/db_futebol (MySQL 9.1)
2025-01-20T12:01:43.951-03:00  WARN 23733 --- [           main] o.f.c.internal.database.base.Database    : Flyway upgrade recommended: MySQL 9.1 is newer than this version of Flyway and support has not been tested. The latest supported version of MySQL is 8.0.
2025-01-20T12:01:43.960-03:00  INFO 23733 --- [           main] o.f.core.internal.command.DbValidate     : Successfully validated 0 migrations (execution time 00:00.005s)
2025-01-20T12:01:43.960-03:00  WARN 23733 --- [           main] o.f.core.internal.command.DbValidate     : No migrations found. Are your locations set up correctly?
2025-01-20T12:01:43.970-03:00  INFO 23733 --- [           main] o.f.core.internal.command.DbMigrate      : Current version of schema `db_futebol`: << Empty Schema >>
2025-01-20T12:01:43.971-03:00  INFO 23733 --- [           main] o.f.core.internal.command.DbMigrate      : Schema `db_futebol` is up to date. No migration necessary.
2025-01-20T12:01:44.008-03:00  INFO 23733 --- [           main] o.hibernate.jpa.internal.util.LogHelper  : HHH000204: Processing PersistenceUnitInfo [name: default]
2025-01-20T12:01:44.029-03:00  INFO 23733 --- [           main] org.hibernate.Version                    : HHH000412: Hibernate ORM core version 6.2.2.Final
2025-01-20T12:01:44.030-03:00  INFO 23733 --- [           main] org.hibernate.cfg.Environment            : HHH000406: Using bytecode reflection optimizer
2025-01-20T12:01:44.073-03:00  INFO 23733 --- [           main] o.h.b.i.BytecodeProviderInitiator        : HHH000021: Bytecode provider name : bytebuddy
2025-01-20T12:01:44.114-03:00  INFO 23733 --- [           main] o.s.o.j.p.SpringPersistenceUnitInfo      : No LoadTimeWeaver setup: ignoring JPA class transformer
2025-01-20T12:01:44.139-03:00  INFO 23733 --- [           main] org.hibernate.orm.dialect                : HHH035001: Using dialect: org.hibernate.dialect.MySQLDialect, version: 9.1
2025-01-20T12:01:44.211-03:00  INFO 23733 --- [           main] o.h.b.i.BytecodeProviderInitiator        : HHH000021: Bytecode provider name : bytebuddy
2025-01-20T12:01:44.406-03:00  INFO 23733 --- [           main] o.h.e.t.j.p.i.JtaPlatformInitiator       : HHH000490: Using JtaPlatform implementation: [org.hibernate.engine.transaction.jta.platform.internal.NoJtaPlatform]
Hibernate: 
    alter table partida 
       modify column data_hora_partida  datetime(6) not null
Hibernate: 
    alter table partida 
       modify column saldo_gol_time_casa  integer
Hibernate: 
    alter table partida 
       modify column saldo_gol_time_visitante  integer
2025-01-20T12:01:44.458-03:00  INFO 23733 --- [           main] j.LocalContainerEntityManagerFactoryBean : Initialized JPA EntityManagerFactory for persistence unit 'default'
2025-01-20T12:01:44.624-03:00  WARN 23733 --- [           main] JpaBaseConfiguration$JpaWebConfiguration : spring.jpa.open-in-view is enabled by default. Therefore, database queries may be performed during view rendering. Explicitly configure spring.jpa.open-in-view to disable this warning
2025-01-20T12:01:44.786-03:00  INFO 23733 --- [           main] org.meli.crud.CrudApplicationTests       : Started CrudApplicationTests in 1.468 seconds (process running for 1.774)
]]></system-out>
  </testcase>
</testsuite>